<?xml version="1.0" encoding="UTF-8"?>
<!-- Generated by org.testng.reporters.JUnitReportReporter -->
<testsuite name="visualAITests.TableSortTest" tests="1" time="36.611" ignored="0" failures="0" timestamp="16 Nov 2019 17:25:35 GMT" skipped="0" hostname="ISW-ENGR-EO1" errors="0">
  <testcase name="validateAmountColumnIsInAscendingOrder" time="36.611" classname="visualAITests.TableSortTest"/>
</testsuite> <!-- visualAITests.TableSortTest -->
