<?xml version="1.0" encoding="UTF-8"?>
<!-- Generated by org.testng.reporters.JUnitReportReporter -->
<testsuite name="traditionalTests.DynamicContentTest" tests="2" time="8.474" ignored="0" failures="0" timestamp="16 Nov 2019 17:48:04 GMT" skipped="0" hostname="ISW-ENGR-EO1" errors="0">
  <testcase name="validateDynamic2ndElementIsPresent" time="0.634" classname="traditionalTests.DynamicContentTest"/>
  <testcase name="validateDynamic1stElementIsPresent" time="7.840" classname="traditionalTests.DynamicContentTest"/>
</testsuite> <!-- traditionalTests.DynamicContentTest -->
