<?xml version="1.0" encoding="UTF-8"?>
<!-- Generated by org.testng.reporters.JUnitReportReporter -->
<testsuite name="traditionalTests.CanvasChartTest" tests="1" time="0.004" ignored="0" failures="0" timestamp="16 Nov 2019 16:15:59 GMT" skipped="0" hostname="ISW-ENGR-EO1" errors="0">
  <testcase name="verifyThatTheDataForNextYearAddsToChart" time="0.004" classname="traditionalTests.CanvasChartTest"/>
</testsuite> <!-- traditionalTests.CanvasChartTest -->
