<?xml version="1.0" encoding="UTF-8"?>
<!-- Generated by org.testng.reporters.JUnitReportReporter -->
<testsuite name="traditionalTests.TableSortTest" tests="1" time="16.049" ignored="0" failures="0" timestamp="16 Nov 2019 18:08:27 GMT" skipped="0" hostname="ISW-ENGR-EO1" errors="0">
  <testcase name="validateAmountColumnIsInAscendingOrder" time="16.049" classname="traditionalTests.TableSortTest"/>
</testsuite> <!-- traditionalTests.TableSortTest -->
