<?xml version="1.0" encoding="UTF-8"?>
<!-- Generated by org.testng.reporters.JUnitReportReporter -->
<testsuite name="visualAITests.DynamicContentTest" tests="1" time="27.068" ignored="0" failures="0" timestamp="16 Nov 2019 17:12:16 GMT" skipped="0" hostname="ISW-ENGR-EO1" errors="0">
  <testcase name="validateDynamic2ndElementIsPresent" time="27.068" classname="visualAITests.DynamicContentTest"/>
</testsuite> <!-- visualAITests.DynamicContentTest -->
