<?xml version="1.0" encoding="UTF-8"?>
<!-- Generated by org.testng.reporters.JUnitReportReporter -->
<testsuite name="visualAITests.CanvasChartTest" tests="1" time="39.759" ignored="0" failures="0" timestamp="16 Nov 2019 17:04:30 GMT" skipped="0" hostname="ISW-ENGR-EO1" errors="0">
  <testcase name="validateThatTheDataForNextYearAddsToChart" time="39.759" classname="visualAITests.CanvasChartTest"/>
</testsuite> <!-- visualAITests.CanvasChartTest -->
