<?xml version="1.0" encoding="UTF-8"?>
<!-- Generated by org.testng.reporters.JUnitReportReporter -->
<testsuite name="testSuites.VisualAITests" tests="9" time="175.306" ignored="0" failures="0" timestamp="16 Nov 2019 14:52:53 GMT" skipped="0" hostname="ISW-ENGR-EO1" errors="0">
  <testcase name="verifyAmountColumnIsInAscendingOrder" time="33.775" classname="testSuites.VisualAITests"/>
  <testcase name="verifyFlashSale1stElementsIsPresent" time="16.947" classname="testSuites.VisualAITests"/>
  <testcase name="loginWithPasswordbutEmptyUsername" time="8.445" classname="testSuites.VisualAITests"/>
  <testcase name="loginPageUIElementsValidation" time="18.211" classname="testSuites.VisualAITests"/>
  <testcase name="verifyFlashSale2ndElementIsPresent" time="15.745" classname="testSuites.VisualAITests"/>
  <testcase name="loginWithNoUserNameNoPassword" time="8.424" classname="testSuites.VisualAITests"/>
  <testcase name="loginSuccessfullyWithUsernameAndPassword" time="15.406" classname="testSuites.VisualAITests"/>
  <testcase name="verifyThatTheDataForNextYearAddsToChart" time="49.953" classname="testSuites.VisualAITests"/>
  <testcase name="loginWithUserNameAndNoPassword" time="8.400" classname="testSuites.VisualAITests"/>
</testsuite> <!-- testSuites.VisualAITests -->
