<?xml version="1.0" encoding="UTF-8"?>
<!-- Generated by org.testng.reporters.JUnitReportReporter -->
<testsuite name="traditionalTests.LoginPageUIElementTest" tests="1" time="6.490" ignored="0" failures="0" timestamp="16 Nov 2019 17:24:02 GMT" skipped="0" hostname="ISW-ENGR-EO1" errors="0">
  <testcase name="loginPageUIElementsValidation" time="6.490" classname="traditionalTests.LoginPageUIElementTest"/>
</testsuite> <!-- traditionalTests.LoginPageUIElementTest -->
